0 info it worked if it ends with ok
1 verbose cli [ 'd:\\Ucenje\\NodeJS\\node.exe',
1 verbose cli   'd:\\Ucenje\\NodeJS\\node_modules\\npm\\bin\\npm-cli.js',
1 verbose cli   'start' ]
2 info using npm@3.10.10
3 info using node@v6.10.1
4 verbose run-script [ 'prestart', 'start', 'poststart' ]
5 info lifecycle backend@1.0.0~prestart: backend@1.0.0
6 silly lifecycle backend@1.0.0~prestart: no script for prestart, continuing
7 info lifecycle backend@1.0.0~start: backend@1.0.0
8 verbose lifecycle backend@1.0.0~start: unsafe-perm in lifecycle true
9 verbose lifecycle backend@1.0.0~start: PATH: d:\Ucenje\NodeJS\node_modules\npm\bin\node-gyp-bin;C:\Users\Zac\Desktop\KiwiTask\backend\node_modules\.bin;C:\Program Files (x86)\Common Files\Oracle\Java\javapath;C:\Program Files\Microsoft MPI\Bin\;C:\RailsInstaller\Git\cmd;C:\RailsInstaller\Ruby2.3.0\bin;C:\ProgramData\Oracle\Java\javapath;C:\WINDOWS\system32;C:\WINDOWS;C:\WINDOWS\System32\Wbem;C:\WINDOWS\System32\WindowsPowerShell\v1.0\;C:\Program Files (x86)\ATI Technologies\ATI.ACE\Core-Static;D:\AndroidSDK\/tools;D:\AndroidSDK\/platform-tools;C:\Program Files (x86)\AMD\ATI.ACE\Core-Static;C:\Program Files (x86)\Windows Live\Shared;C:\Program Files (x86)\Microsoft ASP.NET\ASP.NET Web Pages\v1.0\;C:\Program Files\Common Files\Autodesk Shared\;C:\Program Files (x86)\Autodesk\Backburner\;C:\Program Files\Microsoft\Web Platform Installer\;C:\Program Files (x86)\MySQL\MySQL Fabric 1.5 & MySQL Utilities 1.5\;C:\Program Files (x86)\MySQL\MySQL Fabric 1.5 & MySQL Utilities 1.5\Doctrine extensions for PHP\;C:\Program Files (x86)\GtkSharp\2.12\bin;C:\Program Files (x86)\Microsoft SDKs\TypeScript\1.0\;C:\Program Files\Microsoft SQL Server\130\Tools\Binn\;C:\Program Files (x86)\Windows Kits\10\Windows Performance Toolkit\;C:\Program Files (x86)\Microsoft SQL Server\Client SDK\ODBC\130\Tools\Binn\;d:\Ucenje\NodeJS\;C:\PostgreSQL\pg96\bin;C:\ProgramData\ComposerSetup\bin;C:\Program Files (x86)\Skype\Phone\;C:\Program Files\Microsoft VS Code\bin;C:\Program Files\dotnet\;C:\Program Files (x86)\Microsoft SQL Server\140\Tools\Binn\;C:\Program Files (x86)\Microsoft SQL Server\140\DTS\Binn\;C:\Program Files (x86)\Microsoft SQL Server\140\Tools\Binn\ManagementStudio\;C:\Program Files\Microsoft SQL Server\140\Tools\Binn\;C:\Program Files\Microsoft SQL Server\140\DTS\Binn\;C:\Program Files\Microsoft SQL Server\Client SDK\ODBC\130\Tools\Binn\;C:\WINDOWS\System32\OpenSSH\;C:\Program Files\Git\cmd;C:\Users\Zac\.dnx\bin;C:\Users\Zac\AppData\Local\Microsoft\WindowsApps;C:\Users\Zac\AppData\Roaming\npm;c:\xampp\php;C:\Users\Zac\AppData\Roaming\Composer\vendor\bin;C:\Python27;C:\Users\Zac\AppData\Local\.meteor\;C:\Program Files (x86)\Java\jdk1.7.0_55\bin;c:\xampp\maven\bin;
10 verbose lifecycle backend@1.0.0~start: CWD: C:\Users\Zac\Desktop\KiwiTask\backend
11 silly lifecycle backend@1.0.0~start: Args: [ '/d /s /c', 'node server/server' ]
12 silly lifecycle backend@1.0.0~start: Returned: code: 1  signal: null
13 info lifecycle backend@1.0.0~start: Failed to exec start script
14 verbose stack Error: backend@1.0.0 start: `node server/server`
14 verbose stack Exit status 1
14 verbose stack     at EventEmitter.<anonymous> (d:\Ucenje\NodeJS\node_modules\npm\lib\utils\lifecycle.js:255:16)
14 verbose stack     at emitTwo (events.js:106:13)
14 verbose stack     at EventEmitter.emit (events.js:191:7)
14 verbose stack     at ChildProcess.<anonymous> (d:\Ucenje\NodeJS\node_modules\npm\lib\utils\spawn.js:40:14)
14 verbose stack     at emitTwo (events.js:106:13)
14 verbose stack     at ChildProcess.emit (events.js:191:7)
14 verbose stack     at maybeClose (internal/child_process.js:886:16)
14 verbose stack     at Process.ChildProcess._handle.onexit (internal/child_process.js:226:5)
15 verbose pkgid backend@1.0.0
16 verbose cwd C:\Users\Zac\Desktop\KiwiTask\backend
17 error Windows_NT 10.0.17134
18 error argv "d:\\Ucenje\\NodeJS\\node.exe" "d:\\Ucenje\\NodeJS\\node_modules\\npm\\bin\\npm-cli.js" "start"
19 error node v6.10.1
20 error npm  v3.10.10
21 error code ELIFECYCLE
22 error backend@1.0.0 start: `node server/server`
22 error Exit status 1
23 error Failed at the backend@1.0.0 start script 'node server/server'.
23 error Make sure you have the latest version of node.js and npm installed.
23 error If you do, this is most likely a problem with the backend package,
23 error not with npm itself.
23 error Tell the author that this fails on your system:
23 error     node server/server
23 error You can get information on how to open an issue for this project with:
23 error     npm bugs backend
23 error Or if that isn't available, you can get their info via:
23 error     npm owner ls backend
23 error There is likely additional logging output above.
24 verbose exit [ 1, true ]
